<?xml version="1.0" encoding="UTF-8"?>
<testsuite name="edu.ucf.cop4331.Collange.imagify.RGBTransitionsTest" tests="1" skipped="0" failures="0" errors="0" timestamp="2018-02-25T17:16:30" hostname="JoeyMBP.jaela.orlandowest.io" time="0.007">
  <properties/>
  <testcase name="testGetInstance" classname="edu.ucf.cop4331.Collange.imagify.RGBTransitionsTest" time="0.007"/>
  <system-out><![CDATA[]]></system-out>
  <system-err><![CDATA[]]></system-err>
</testsuite>
