<?xml version="1.0" encoding="UTF-8"?>
<testsuite name="edu.ucf.cop4331.Collange.imagify.RGBUtilityTest" tests="4" skipped="0" failures="0" errors="0" timestamp="2018-02-25T17:16:30" hostname="JoeyMBP.jaela.orlandowest.io" time="0.001">
  <properties/>
  <testcase name="testBlueGetter" classname="edu.ucf.cop4331.Collange.imagify.RGBUtilityTest" time="0.0"/>
  <testcase name="testRGBGetter" classname="edu.ucf.cop4331.Collange.imagify.RGBUtilityTest" time="0.001"/>
  <testcase name="testGreenGetter" classname="edu.ucf.cop4331.Collange.imagify.RGBUtilityTest" time="0.0"/>
  <testcase name="testRedGetter" classname="edu.ucf.cop4331.Collange.imagify.RGBUtilityTest" time="0.0"/>
  <system-out><![CDATA[]]></system-out>
  <system-err><![CDATA[]]></system-err>
</testsuite>
