<?xml version="1.0" encoding="UTF-8"?>
<testsuite name="edu.ucf.cop4331.Collange.imagify.RGBTransitionsTest" tests="1" skipped="0" failures="0" errors="0" timestamp="2018-03-01T23:25:17" hostname="JoeyMBP.local" time="0.009">
  <properties/>
  <testcase name="testGetInstance" classname="edu.ucf.cop4331.Collange.imagify.RGBTransitionsTest" time="0.009"/>
  <system-out><![CDATA[]]></system-out>
  <system-err><![CDATA[]]></system-err>
</testsuite>
