<?xml version="1.0" encoding="UTF-8"?>
<testsuite name="edu.ucf.cop4331.Collange.imagify.PackagedImageExamples" tests="1" skipped="0" failures="0" errors="0" timestamp="2018-03-01T23:25:17" hostname="JoeyMBP.local" time="66.281">
  <properties/>
  <testcase name="applyFiltersOnExamples" classname="edu.ucf.cop4331.Collange.imagify.PackagedImageExamples" time="66.281"/>
  <system-out><![CDATA[	applyFiltersOnExamples(bliss-240x320.jpg): Sepia Filter - 65ms
	applyFiltersOnExamples(bliss-240x320.jpg): Grayscale Filter - 14ms
	applyFiltersOnExamples(bliss-240x320.jpg): White Filter - 21ms
	applyFiltersOnExamples(bliss-240x320.jpg): Red Filter - 21ms
	applyFiltersOnExamples(bliss-240x320.jpg): Green Filter - 21ms
	applyFiltersOnExamples(bliss-240x320.jpg): Blue Filter - 13ms
	applyFiltersOnExamples(bliss-240x320.jpg): Empty Filter - 11ms
	applyFiltersOnExamples(bliss-240x320.jpg): Opacity Filter - 14ms
	applyFiltersOnExamples(bliss-240x320.jpg): Striped Filter - 8ms
	applyFiltersOnExamples(bliss-240x320.jpg): CheckerBoard Filter - 8ms
	applyFiltersOnExamples(bliss-240x320.jpg): Horizontal Mirror Filter - 14ms
	applyFiltersOnExamples(bliss-240x320.jpg): Italian Flag Filter - 11ms
	applyFiltersOnExamples(bliss-240x320.jpg): French Flag Filter - 10ms
	applyFiltersOnExamples(bliss-240x320.jpg): Color Blend Filter - 12ms
	applyFiltersOnExamples(bliss-240x320.jpg): Zombie Color Filter - 11ms
	applyFiltersOnExamples(bliss-240x320.jpg): Gold Color Filter - 9ms
	applyFiltersOnExamples(bliss-240x320.jpg): Dithering Filter - 13ms
	applyFiltersOnExamples(bliss-240x320.jpg): No Even Numbered Pixels Filter - 8ms
	applyFiltersOnExamples(bliss-240x320.jpg): Conway Game of Life Filter - 54ms
	applyFiltersOnExamples(bliss-240x320.jpg): EightBitColorTransition - 15ms
	applyFiltersOnExamples(bliss-240x320.jpg): Cumulative Average Filter - 44ms
	applyFiltersOnExamples(bliss-240x320.jpg): Solid Blue Filter - 8ms
applyFiltersOnExamples(bliss-240x320.jpg) - Best: 8ms  Worst: 65ms  Avg: 18ms

	applyFiltersOnExamples(bliss-1920x1200.jpg): Sepia Filter - 298ms
	applyFiltersOnExamples(bliss-1920x1200.jpg): Grayscale Filter - 252ms
	applyFiltersOnExamples(bliss-1920x1200.jpg): White Filter - 253ms
	applyFiltersOnExamples(bliss-1920x1200.jpg): Red Filter - 229ms
	applyFiltersOnExamples(bliss-1920x1200.jpg): Green Filter - 298ms
	applyFiltersOnExamples(bliss-1920x1200.jpg): Blue Filter - 233ms
	applyFiltersOnExamples(bliss-1920x1200.jpg): Empty Filter - 219ms
	applyFiltersOnExamples(bliss-1920x1200.jpg): Opacity Filter - 347ms
	applyFiltersOnExamples(bliss-1920x1200.jpg): Striped Filter - 231ms
	applyFiltersOnExamples(bliss-1920x1200.jpg): CheckerBoard Filter - 255ms
	applyFiltersOnExamples(bliss-1920x1200.jpg): Horizontal Mirror Filter - 303ms
	applyFiltersOnExamples(bliss-1920x1200.jpg): Italian Flag Filter - 229ms
	applyFiltersOnExamples(bliss-1920x1200.jpg): French Flag Filter - 277ms
	applyFiltersOnExamples(bliss-1920x1200.jpg): Color Blend Filter - 356ms
	applyFiltersOnExamples(bliss-1920x1200.jpg): Zombie Color Filter - 221ms
	applyFiltersOnExamples(bliss-1920x1200.jpg): Gold Color Filter - 212ms
	applyFiltersOnExamples(bliss-1920x1200.jpg): Dithering Filter - 279ms
	applyFiltersOnExamples(bliss-1920x1200.jpg): No Even Numbered Pixels Filter - 300ms
	applyFiltersOnExamples(bliss-1920x1200.jpg): Conway Game of Life Filter - 1259ms
	applyFiltersOnExamples(bliss-1920x1200.jpg): EightBitColorTransition - 330ms
	applyFiltersOnExamples(bliss-1920x1200.jpg): Cumulative Average Filter - 342ms
	applyFiltersOnExamples(bliss-1920x1200.jpg): Solid Blue Filter - 206ms
applyFiltersOnExamples(bliss-1920x1200.jpg) - Best: 206ms  Worst: 1259ms  Avg: 314ms

	applyFiltersOnExamples(bliss-3840x2400.jpg): Sepia Filter - 951ms
	applyFiltersOnExamples(bliss-3840x2400.jpg): Grayscale Filter - 811ms
	applyFiltersOnExamples(bliss-3840x2400.jpg): White Filter - 831ms
	applyFiltersOnExamples(bliss-3840x2400.jpg): Red Filter - 822ms
	applyFiltersOnExamples(bliss-3840x2400.jpg): Green Filter - 892ms
	applyFiltersOnExamples(bliss-3840x2400.jpg): Blue Filter - 956ms
	applyFiltersOnExamples(bliss-3840x2400.jpg): Empty Filter - 916ms
	applyFiltersOnExamples(bliss-3840x2400.jpg): Opacity Filter - 1645ms
	applyFiltersOnExamples(bliss-3840x2400.jpg): Striped Filter - 860ms
	applyFiltersOnExamples(bliss-3840x2400.jpg): CheckerBoard Filter - 853ms
	applyFiltersOnExamples(bliss-3840x2400.jpg): Horizontal Mirror Filter - 1051ms
	applyFiltersOnExamples(bliss-3840x2400.jpg): Italian Flag Filter - 863ms
	applyFiltersOnExamples(bliss-3840x2400.jpg): French Flag Filter - 1261ms
	applyFiltersOnExamples(bliss-3840x2400.jpg): Color Blend Filter - 1077ms
	applyFiltersOnExamples(bliss-3840x2400.jpg): Zombie Color Filter - 952ms
	applyFiltersOnExamples(bliss-3840x2400.jpg): Gold Color Filter - 849ms
	applyFiltersOnExamples(bliss-3840x2400.jpg): Dithering Filter - 1003ms
	applyFiltersOnExamples(bliss-3840x2400.jpg): No Even Numbered Pixels Filter - 864ms
	applyFiltersOnExamples(bliss-3840x2400.jpg): Conway Game of Life Filter - 4951ms
	applyFiltersOnExamples(bliss-3840x2400.jpg): EightBitColorTransition - 925ms
	applyFiltersOnExamples(bliss-3840x2400.jpg): Cumulative Average Filter - 912ms
	applyFiltersOnExamples(bliss-3840x2400.jpg): Solid Blue Filter - 779ms
applyFiltersOnExamples(bliss-3840x2400.jpg) - Best: 779ms  Worst: 4951ms  Avg: 1137ms

	applyFiltersOnExamples(370z.jpg): Sepia Filter - 285ms
	applyFiltersOnExamples(370z.jpg): Grayscale Filter - 282ms
	applyFiltersOnExamples(370z.jpg): White Filter - 273ms
	applyFiltersOnExamples(370z.jpg): Red Filter - 294ms
	applyFiltersOnExamples(370z.jpg): Green Filter - 297ms
	applyFiltersOnExamples(370z.jpg): Blue Filter - 298ms
	applyFiltersOnExamples(370z.jpg): Empty Filter - 280ms
	applyFiltersOnExamples(370z.jpg): Opacity Filter - 316ms
	applyFiltersOnExamples(370z.jpg): Striped Filter - 260ms
	applyFiltersOnExamples(370z.jpg): CheckerBoard Filter - 284ms
	applyFiltersOnExamples(370z.jpg): Horizontal Mirror Filter - 353ms
	applyFiltersOnExamples(370z.jpg): Italian Flag Filter - 285ms
	applyFiltersOnExamples(370z.jpg): French Flag Filter - 308ms
	applyFiltersOnExamples(370z.jpg): Color Blend Filter - 338ms
	applyFiltersOnExamples(370z.jpg): Zombie Color Filter - 305ms
	applyFiltersOnExamples(370z.jpg): Gold Color Filter - 284ms
	applyFiltersOnExamples(370z.jpg): Dithering Filter - 331ms
	applyFiltersOnExamples(370z.jpg): No Even Numbered Pixels Filter - 302ms
	applyFiltersOnExamples(370z.jpg): Conway Game of Life Filter - 1755ms
	applyFiltersOnExamples(370z.jpg): EightBitColorTransition - 308ms
	applyFiltersOnExamples(370z.jpg): Cumulative Average Filter - 325ms
	applyFiltersOnExamples(370z.jpg): Solid Blue Filter - 286ms
applyFiltersOnExamples(370z.jpg) - Best: 260ms  Worst: 1755ms  Avg: 365ms

	applyFiltersOnExamples(avatar.jpg): Sepia Filter - 15ms
	applyFiltersOnExamples(avatar.jpg): Grayscale Filter - 18ms
	applyFiltersOnExamples(avatar.jpg): White Filter - 15ms
	applyFiltersOnExamples(avatar.jpg): Red Filter - 19ms
	applyFiltersOnExamples(avatar.jpg): Green Filter - 13ms
	applyFiltersOnExamples(avatar.jpg): Blue Filter - 14ms
	applyFiltersOnExamples(avatar.jpg): Empty Filter - 18ms
	applyFiltersOnExamples(avatar.jpg): Opacity Filter - 16ms
	applyFiltersOnExamples(avatar.jpg): Striped Filter - 14ms
	applyFiltersOnExamples(avatar.jpg): CheckerBoard Filter - 14ms
	applyFiltersOnExamples(avatar.jpg): Horizontal Mirror Filter - 20ms
	applyFiltersOnExamples(avatar.jpg): Italian Flag Filter - 14ms
	applyFiltersOnExamples(avatar.jpg): French Flag Filter - 16ms
	applyFiltersOnExamples(avatar.jpg): Color Blend Filter - 15ms
	applyFiltersOnExamples(avatar.jpg): Zombie Color Filter - 17ms
	applyFiltersOnExamples(avatar.jpg): Gold Color Filter - 15ms
	applyFiltersOnExamples(avatar.jpg): Dithering Filter - 18ms
	applyFiltersOnExamples(avatar.jpg): No Even Numbered Pixels Filter - 22ms
	applyFiltersOnExamples(avatar.jpg): Conway Game of Life Filter - 94ms
	applyFiltersOnExamples(avatar.jpg): EightBitColorTransition - 18ms
	applyFiltersOnExamples(avatar.jpg): Cumulative Average Filter - 16ms
	applyFiltersOnExamples(avatar.jpg): Solid Blue Filter - 13ms
applyFiltersOnExamples(avatar.jpg) - Best: 13ms  Worst: 94ms  Avg: 19ms

]]></system-out>
  <system-err><![CDATA[]]></system-err>
</testsuite>
