<?xml version="1.0" encoding="UTF-8"?>
<testsuite name="edu.ucf.cop4331.Collange.MainActivityTest" tests="2" skipped="0" failures="0" errors="0" timestamp="2018-02-25T17:17:08" hostname="JoeyMBP.jaela.orlandowest.io" time="0.0">
  <properties/>
  <testcase name="testIfActivityLoadEmptyArguments" classname="edu.ucf.cop4331.Collange.MainActivityTest" time="0.0"/>
  <testcase name="testIfActivityLoadNullArguments" classname="edu.ucf.cop4331.Collange.MainActivityTest" time="0.0"/>
  <system-out><![CDATA[MainActivity!
MainActivity!
]]></system-out>
  <system-err><![CDATA[]]></system-err>
</testsuite>
