<?xml version="1.0" encoding="UTF-8"?>
<testsuite name="edu.ucf.cop4331.Collange.imagify.PackagedImageExamples" tests="1" skipped="0" failures="0" errors="0" timestamp="2018-02-25T18:05:48" hostname="JoeyMBP.jaela.orlandowest.io" time="40.734">
  <properties/>
  <testcase name="applyFiltersOnExamples" classname="edu.ucf.cop4331.Collange.imagify.PackagedImageExamples" time="40.734"/>
  <system-out><![CDATA[	applyFiltersOnExamples(bliss-240x320.jpg): Sepia Filter - 44ms
	applyFiltersOnExamples(bliss-240x320.jpg): Grayscale Filter - 14ms
	applyFiltersOnExamples(bliss-240x320.jpg): White Filter - 24ms
	applyFiltersOnExamples(bliss-240x320.jpg): Red Filter - 14ms
	applyFiltersOnExamples(bliss-240x320.jpg): Green Filter - 10ms
	applyFiltersOnExamples(bliss-240x320.jpg): Blue Filter - 9ms
	applyFiltersOnExamples(bliss-240x320.jpg): Empty Filter - 9ms
	applyFiltersOnExamples(bliss-240x320.jpg): Opacity Filter - 9ms
	applyFiltersOnExamples(bliss-240x320.jpg): Striped Filter - 8ms
	applyFiltersOnExamples(bliss-240x320.jpg): CheckerBoard Filter - 8ms
	applyFiltersOnExamples(bliss-240x320.jpg): Horizontal Mirror Filter - 11ms
	applyFiltersOnExamples(bliss-240x320.jpg): Italian Flag Filter - 9ms
	applyFiltersOnExamples(bliss-240x320.jpg): French Flag Filter - 9ms
	applyFiltersOnExamples(bliss-240x320.jpg): Color Blend Filter - 9ms
	applyFiltersOnExamples(bliss-240x320.jpg): Zombie Color Filter - 289ms
	applyFiltersOnExamples(bliss-240x320.jpg): Gold Color Filter - 10ms
	applyFiltersOnExamples(bliss-240x320.jpg): Dithering Filter - 15ms
	applyFiltersOnExamples(bliss-240x320.jpg): No Even Numbered Pixels Filter - 8ms
	applyFiltersOnExamples(bliss-240x320.jpg): Conway's Game of Life Filter - 55ms
applyFiltersOnExamples(bliss-240x320.jpg) - Best: 8ms  Worst: 289ms  Avg: 29ms

	applyFiltersOnExamples(bliss-1920x1200.jpg): Sepia Filter - 490ms
	applyFiltersOnExamples(bliss-1920x1200.jpg): Grayscale Filter - 359ms
	applyFiltersOnExamples(bliss-1920x1200.jpg): White Filter - 371ms
	applyFiltersOnExamples(bliss-1920x1200.jpg): Red Filter - 356ms
	applyFiltersOnExamples(bliss-1920x1200.jpg): Green Filter - 353ms
	applyFiltersOnExamples(bliss-1920x1200.jpg): Blue Filter - 353ms
	applyFiltersOnExamples(bliss-1920x1200.jpg): Empty Filter - 351ms
	applyFiltersOnExamples(bliss-1920x1200.jpg): Opacity Filter - 409ms
	applyFiltersOnExamples(bliss-1920x1200.jpg): Striped Filter - 391ms
	applyFiltersOnExamples(bliss-1920x1200.jpg): CheckerBoard Filter - 241ms
	applyFiltersOnExamples(bliss-1920x1200.jpg): Horizontal Mirror Filter - 429ms
	applyFiltersOnExamples(bliss-1920x1200.jpg): Italian Flag Filter - 371ms
	applyFiltersOnExamples(bliss-1920x1200.jpg): French Flag Filter - 230ms
	applyFiltersOnExamples(bliss-1920x1200.jpg): Color Blend Filter - 348ms
	applyFiltersOnExamples(bliss-1920x1200.jpg): Zombie Color Filter - 236ms
	applyFiltersOnExamples(bliss-1920x1200.jpg): Gold Color Filter - 353ms
	applyFiltersOnExamples(bliss-1920x1200.jpg): Dithering Filter - 473ms
	applyFiltersOnExamples(bliss-1920x1200.jpg): No Even Numbered Pixels Filter - 221ms
	applyFiltersOnExamples(bliss-1920x1200.jpg): Conway's Game of Life Filter - 1328ms
applyFiltersOnExamples(bliss-1920x1200.jpg) - Best: 221ms  Worst: 1328ms  Avg: 403ms

	applyFiltersOnExamples(bliss-3840x2400.jpg): Sepia Filter - 952ms
	applyFiltersOnExamples(bliss-3840x2400.jpg): Grayscale Filter - 934ms
	applyFiltersOnExamples(bliss-3840x2400.jpg): White Filter - 899ms
	applyFiltersOnExamples(bliss-3840x2400.jpg): Red Filter - 899ms
	applyFiltersOnExamples(bliss-3840x2400.jpg): Green Filter - 908ms
	applyFiltersOnExamples(bliss-3840x2400.jpg): Blue Filter - 913ms
	applyFiltersOnExamples(bliss-3840x2400.jpg): Empty Filter - 922ms
	applyFiltersOnExamples(bliss-3840x2400.jpg): Opacity Filter - 946ms
	applyFiltersOnExamples(bliss-3840x2400.jpg): Striped Filter - 923ms
	applyFiltersOnExamples(bliss-3840x2400.jpg): CheckerBoard Filter - 908ms
	applyFiltersOnExamples(bliss-3840x2400.jpg): Horizontal Mirror Filter - 1100ms
	applyFiltersOnExamples(bliss-3840x2400.jpg): Italian Flag Filter - 909ms
	applyFiltersOnExamples(bliss-3840x2400.jpg): French Flag Filter - 913ms
	applyFiltersOnExamples(bliss-3840x2400.jpg): Color Blend Filter - 944ms
	applyFiltersOnExamples(bliss-3840x2400.jpg): Zombie Color Filter - 959ms
	applyFiltersOnExamples(bliss-3840x2400.jpg): Gold Color Filter - 903ms
	applyFiltersOnExamples(bliss-3840x2400.jpg): Dithering Filter - 1005ms
	applyFiltersOnExamples(bliss-3840x2400.jpg): No Even Numbered Pixels Filter - 932ms
	applyFiltersOnExamples(bliss-3840x2400.jpg): Conway's Game of Life Filter - 5312ms
applyFiltersOnExamples(bliss-3840x2400.jpg) - Best: 899ms  Worst: 5312ms  Avg: 1167ms

]]></system-out>
  <system-err><![CDATA[]]></system-err>
</testsuite>
